  [1m[36m (96.7ms)[0m  [1mCREATE TABLE "schema_migrations" ("version" varchar NOT NULL) [0m
  [1m[35m (0.4ms)[0m  select sqlite_version(*)
  [1m[36m (75.9ms)[0m  [1mCREATE UNIQUE INDEX "unique_schema_migrations" ON "schema_migrations" ("version")[0m
  [1m[35mActiveRecord::SchemaMigration Load (0.2ms)[0m  SELECT "schema_migrations".* FROM "schema_migrations"
Migrating to CreateUsers (20161010165432)
  [1m[36m (0.2ms)[0m  [1mbegin transaction[0m
  [1m[35m (0.8ms)[0m  CREATE TABLE "users" ("id" INTEGER PRIMARY KEY AUTOINCREMENT NOT NULL, "name" varchar, "email" varchar, "created_at" datetime NOT NULL, "updated_at" datetime NOT NULL) 
  [1m[36mSQL (0.4ms)[0m  [1mINSERT INTO "schema_migrations" ("version") VALUES (?)[0m  [["version", "20161010165432"]]
  [1m[35m (70.4ms)[0m  commit transaction
  [1m[36mActiveRecord::SchemaMigration Load (0.2ms)[0m  [1mSELECT "schema_migrations".* FROM "schema_migrations"[0m
  [1m[36mActiveRecord::SchemaMigration Load (0.1ms)[0m  [1mSELECT "schema_migrations".* FROM "schema_migrations"[0m
Migrating to AddIndexToUsersEmail (20161010165614)
  [1m[35m (0.1ms)[0m  begin transaction
  [1m[36mSQL (0.4ms)[0m  [1mINSERT INTO "schema_migrations" ("version") VALUES (?)[0m  [["version", "20161010165614"]]
  [1m[35m (81.6ms)[0m  commit transaction
  [1m[36mActiveRecord::SchemaMigration Load (0.2ms)[0m  [1mSELECT "schema_migrations".* FROM "schema_migrations"[0m
  [1m[36mActiveRecord::SchemaMigration Load (0.1ms)[0m  [1mSELECT "schema_migrations".* FROM "schema_migrations"[0m
Migrating to AddPasswordDigestToUsers (20161010165646)
  [1m[35m (0.1ms)[0m  begin transaction
  [1m[36m (0.3ms)[0m  [1mALTER TABLE "users" ADD "password_digest" varchar[0m
  [1m[35mSQL (0.2ms)[0m  INSERT INTO "schema_migrations" ("version") VALUES (?)  [["version", "20161010165646"]]
  [1m[36m (67.1ms)[0m  [1mcommit transaction[0m
  [1m[35mActiveRecord::SchemaMigration Load (0.1ms)[0m  SELECT "schema_migrations".* FROM "schema_migrations"
  [1m[36m (0.1ms)[0m  [1mbegin transaction[0m
  [1m[35mUser Exists (0.2ms)[0m  SELECT  1 AS one FROM "users" WHERE LOWER("users"."email") = LOWER('mhartl@example.com') LIMIT 1
  [1m[36mSQL (0.3ms)[0m  [1mINSERT INTO "users" ("name", "email", "password_digest", "created_at", "updated_at") VALUES (?, ?, ?, ?, ?)[0m  [["name", "Michael Hartl"], ["email", "mhartl@example.com"], ["password_digest", "$2a$10$6qCslxD9wrfF8fyWq/fSke7u2gJn.7ULTMQch6bb6lSyB9587s.Yq"], ["created_at", "2016-10-10 16:58:01.638595"], ["updated_at", "2016-10-10 16:58:01.638595"]]
  [1m[35m (54.0ms)[0m  commit transaction
  [1m[36mUser Load (0.5ms)[0m  [1mSELECT  "users".* FROM "users" WHERE "users"."email" = ? LIMIT 1[0m  [["email", "mhartl@example.com"]]
